0 info it worked if it ends with ok
1 verbose cli [ '/usr/local/Cellar/node/5.1.0/bin/node',
1 verbose cli   '/usr/local/bin/npm',
1 verbose cli   'install',
1 verbose cli   'aframe-fps-look-component',
1 verbose cli   '--save' ]
2 info using npm@3.3.12
3 info using node@v5.1.0
4 silly loadCurrentTree Starting
5 silly install loadCurrentTree
6 silly install readLocalPackageData
7 silly fetchPackageMetaData aframe-fps-look-component
8 silly fetchNamedPackageData aframe-fps-look-component
9 silly mapToRegistry name aframe-fps-look-component
10 silly mapToRegistry using default registry
11 silly mapToRegistry registry https://registry.npmjs.org/
12 silly mapToRegistry uri https://registry.npmjs.org/aframe-fps-look-component
13 verbose request uri https://registry.npmjs.org/aframe-fps-look-component
14 verbose request no auth needed
15 info attempt registry request try #1 at 14:53:40
16 verbose request id 60d25f0e975b00fa
17 http request GET https://registry.npmjs.org/aframe-fps-look-component
18 http 200 https://registry.npmjs.org/aframe-fps-look-component
19 verbose headers { server: 'CouchDB/1.5.0 (Erlang OTP/R16B03)',
19 verbose headers   etag: '"8JQTLZJR1ACF1JW87TFEKIURB"',
19 verbose headers   'content-type': 'application/json',
19 verbose headers   'content-encoding': 'gzip',
19 verbose headers   'cache-control': 'max-age=300',
19 verbose headers   'content-length': '1740',
19 verbose headers   'accept-ranges': 'bytes',
19 verbose headers   date: 'Mon, 08 Aug 2016 06:53:41 GMT',
19 verbose headers   via: '1.1 varnish',
19 verbose headers   age: '0',
19 verbose headers   connection: 'keep-alive',
19 verbose headers   'x-served-by': 'cache-hkg6822-HKG',
19 verbose headers   'x-cache': 'MISS',
19 verbose headers   'x-cache-hits': '0',
19 verbose headers   'x-timer': 'S1470639221.611648,VS0,VE212',
19 verbose headers   vary: 'Accept-Encoding' }
20 silly get cb [ 200,
20 silly get   { server: 'CouchDB/1.5.0 (Erlang OTP/R16B03)',
20 silly get     etag: '"8JQTLZJR1ACF1JW87TFEKIURB"',
20 silly get     'content-type': 'application/json',
20 silly get     'content-encoding': 'gzip',
20 silly get     'cache-control': 'max-age=300',
20 silly get     'content-length': '1740',
20 silly get     'accept-ranges': 'bytes',
20 silly get     date: 'Mon, 08 Aug 2016 06:53:41 GMT',
20 silly get     via: '1.1 varnish',
20 silly get     age: '0',
20 silly get     connection: 'keep-alive',
20 silly get     'x-served-by': 'cache-hkg6822-HKG',
20 silly get     'x-cache': 'MISS',
20 silly get     'x-cache-hits': '0',
20 silly get     'x-timer': 'S1470639221.611648,VS0,VE212',
20 silly get     vary: 'Accept-Encoding' } ]
21 verbose get saving aframe-fps-look-component to /Users/Gore/.npm/registry.npmjs.org/aframe-fps-look-component/.cache.json
22 silly install normalizeTree
23 silly loadCurrentTree Finishing
24 silly loadIdealTree Starting
25 silly install loadIdealTree
26 silly cloneCurrentTree Starting
27 silly install cloneCurrentTreeToIdealTree
28 silly cloneCurrentTree Finishing
29 silly loadShrinkwrap Starting
30 silly install loadShrinkwrap
31 silly loadShrinkwrap Finishing
32 silly loadAllDepsIntoIdealTree Starting
33 silly install loadAllDepsIntoIdealTree
34 silly resolveWithNewModule aframe-fps-look-component@0.1.1 checking installable status
35 silly cache add args [ 'aframe-fps-look-component', null ]
36 verbose cache add spec aframe-fps-look-component
37 silly cache add parsed spec Result {
37 silly cache add   raw: 'aframe-fps-look-component',
37 silly cache add   scope: null,
37 silly cache add   name: 'aframe-fps-look-component',
37 silly cache add   rawSpec: '',
37 silly cache add   spec: '*',
37 silly cache add   type: 'range' }
38 silly addNamed aframe-fps-look-component@*
39 verbose addNamed "*" is a valid semver range for aframe-fps-look-component
40 silly addNameRange { name: 'aframe-fps-look-component', range: '*', hasData: false }
41 silly mapToRegistry name aframe-fps-look-component
42 silly mapToRegistry using default registry
43 silly mapToRegistry registry https://registry.npmjs.org/
44 silly mapToRegistry uri https://registry.npmjs.org/aframe-fps-look-component
45 verbose addNameRange registry:https://registry.npmjs.org/aframe-fps-look-component not in flight; fetching
46 verbose get https://registry.npmjs.org/aframe-fps-look-component not expired, no request
47 silly addNameRange number 2 { name: 'aframe-fps-look-component', range: '*', hasData: true }
48 silly addNameRange versions [ 'aframe-fps-look-component', [ '0.0.1', '0.1.0', '0.1.1' ] ]
49 silly addNamed aframe-fps-look-component@0.1.1
50 verbose addNamed "0.1.1" is a plain semver version for aframe-fps-look-component
51 silly mapToRegistry name aframe-fps-look-component
52 silly mapToRegistry using default registry
53 silly mapToRegistry registry https://registry.npmjs.org/
54 silly mapToRegistry uri https://registry.npmjs.org/aframe-fps-look-component
55 verbose addRemoteTarball https://registry.npmjs.org/aframe-fps-look-component/-/aframe-fps-look-component-0.1.1.tgz not in flight; adding
56 verbose addRemoteTarball [ 'https://registry.npmjs.org/aframe-fps-look-component/-/aframe-fps-look-component-0.1.1.tgz',
56 verbose addRemoteTarball   '9cfc4a17ab918aacdbcd6835b51394dafc0fd66e' ]
57 info retry fetch attempt 1 at 14:53:42
58 info attempt registry request try #1 at 14:53:42
59 http fetch GET https://registry.npmjs.org/aframe-fps-look-component/-/aframe-fps-look-component-0.1.1.tgz
60 http fetch 200 https://registry.npmjs.org/aframe-fps-look-component/-/aframe-fps-look-component-0.1.1.tgz
61 silly fetchAndShaCheck shasum 9cfc4a17ab918aacdbcd6835b51394dafc0fd66e
62 verbose addTmpTarball /var/folders/8j/_2kn9q6d5kxg4hhmjfd1m__h0000gn/T/npm-61498-b6d46b05/registry.npmjs.org/aframe-fps-look-component/-/aframe-fps-look-component-0.1.1.tgz not in flight; adding
63 verbose addTmpTarball already have metadata; skipping unpack for aframe-fps-look-component@0.1.1
64 silly cache afterAdd aframe-fps-look-component@0.1.1
65 verbose afterAdd /Users/Gore/.npm/aframe-fps-look-component/0.1.1/package/package.json not in flight; writing
66 verbose afterAdd /Users/Gore/.npm/aframe-fps-look-component/0.1.1/package/package.json written
67 silly loadAllDepsIntoIdealTree Finishing
68 silly idealTree:prePrune Users
68 silly idealTree:prePrune ├── aframe-fps-look-component@0.1.1
68 silly idealTree:prePrune ├── ansi-regex@2.0.0
68 silly idealTree:prePrune ├── ansi-styles@2.1.0
68 silly idealTree:prePrune ├── archy@1.0.0
68 silly idealTree:prePrune ├── array-differ@1.0.0
68 silly idealTree:prePrune ├── array-find-index@1.0.1
68 silly idealTree:prePrune ├── array-uniq@1.0.2
68 silly idealTree:prePrune ├── balanced-match@0.3.0
68 silly idealTree:prePrune ├── beeper@1.1.0
68 silly idealTree:prePrune ├── brace-expansion@1.1.3
68 silly idealTree:prePrune ├── builtin-modules@1.1.1
68 silly idealTree:prePrune ├── camelcase-keys@2.0.0
68 silly idealTree:prePrune ├── camelcase@2.1.0
68 silly idealTree:prePrune ├── chalk@1.1.1
68 silly idealTree:prePrune ├── clone-stats@0.0.1
68 silly idealTree:prePrune ├── clone@1.0.2
68 silly idealTree:prePrune ├── concat-map@0.0.1
68 silly idealTree:prePrune ├── core-util-is@1.0.2
68 silly idealTree:prePrune ├── data-uri-to-u8@1.0.0
68 silly idealTree:prePrune ├── dateformat@1.0.12
68 silly idealTree:prePrune ├── decamelize@1.1.2
68 silly idealTree:prePrune ├── defaults@1.0.3
68 silly idealTree:prePrune ├── deprecated@0.0.1
68 silly idealTree:prePrune ├── duplexer2@0.0.2
68 silly idealTree:prePrune ├── end-of-stream@0.1.5
68 silly idealTree:prePrune ├── error-ex@1.3.0
68 silly idealTree:prePrune ├── escape-string-regexp@1.0.4
68 silly idealTree:prePrune ├── exif-component@0.0.2
68 silly idealTree:prePrune ├── extend@2.0.1
68 silly idealTree:prePrune ├── fancy-log@1.2.0
68 silly idealTree:prePrune ├── find-index@0.1.1
68 silly idealTree:prePrune ├── find-up@1.1.0
68 silly idealTree:prePrune ├── findup-sync@0.3.0
68 silly idealTree:prePrune ├── first-chunk-stream@1.0.0
68 silly idealTree:prePrune ├── fix-orientation@0.0.2
68 silly idealTree:prePrune ├── flagged-respawn@0.3.1
68 silly idealTree:prePrune ├── gaze@0.5.2
68 silly idealTree:prePrune ├── get-stdin@4.0.1
68 silly idealTree:prePrune ├─┬ glob-stream@3.1.18
68 silly idealTree:prePrune │ ├── glob@4.5.3
68 silly idealTree:prePrune │ └── minimatch@2.0.10
68 silly idealTree:prePrune ├── glob-watcher@0.0.6
68 silly idealTree:prePrune ├── glob@5.0.15
68 silly idealTree:prePrune ├── glob2base@0.0.12
68 silly idealTree:prePrune ├─┬ globule@0.1.0
68 silly idealTree:prePrune │ ├── glob@3.1.21
68 silly idealTree:prePrune │ ├── graceful-fs@1.2.3
68 silly idealTree:prePrune │ ├── inherits@1.0.2
68 silly idealTree:prePrune │ └── minimatch@0.2.14
68 silly idealTree:prePrune ├── glogg@1.0.0
68 silly idealTree:prePrune ├── graceful-fs@4.1.3
68 silly idealTree:prePrune ├── gulp-compass@2.1.0
68 silly idealTree:prePrune ├─┬ gulp-util@3.0.7
68 silly idealTree:prePrune │ ├── readable-stream@2.0.5
68 silly idealTree:prePrune │ └── through2@2.0.1
68 silly idealTree:prePrune ├─┬ gulp@3.9.1
68 silly idealTree:prePrune │ └── semver@4.3.6
68 silly idealTree:prePrune ├── gulplog@1.0.0
68 silly idealTree:prePrune ├── has-ansi@2.0.0
68 silly idealTree:prePrune ├── has-gulplog@0.1.0
68 silly idealTree:prePrune ├── hosted-git-info@2.1.4
68 silly idealTree:prePrune ├── indent-string@2.1.0
68 silly idealTree:prePrune ├── inflight@1.0.4
68 silly idealTree:prePrune ├── inherits@2.0.1
68 silly idealTree:prePrune ├── interpret@1.0.0
68 silly idealTree:prePrune ├── is-absolute@0.1.7
68 silly idealTree:prePrune ├── is-arrayish@0.2.1
68 silly idealTree:prePrune ├── is-builtin-module@1.0.0
68 silly idealTree:prePrune ├── is-finite@1.0.1
68 silly idealTree:prePrune ├── is-relative@0.1.3
68 silly idealTree:prePrune ├── is-utf8@0.2.1
68 silly idealTree:prePrune ├── isarray@0.0.1
68 silly idealTree:prePrune ├── isexe@1.1.2
68 silly idealTree:prePrune ├── jpeg-size@0.0.1
68 silly idealTree:prePrune ├── liftoff@2.2.0
68 silly idealTree:prePrune ├── load-json-file@1.1.0
68 silly idealTree:prePrune ├── lodash._basecopy@3.0.1
68 silly idealTree:prePrune ├── lodash._basetostring@3.0.1
68 silly idealTree:prePrune ├── lodash._basevalues@3.0.0
68 silly idealTree:prePrune ├── lodash._getnative@3.9.1
68 silly idealTree:prePrune ├── lodash._isiterateecall@3.0.9
68 silly idealTree:prePrune ├── lodash._reescape@3.0.0
68 silly idealTree:prePrune ├── lodash._reevaluate@3.0.0
68 silly idealTree:prePrune ├── lodash._reinterpolate@3.0.0
68 silly idealTree:prePrune ├── lodash._root@3.0.1
68 silly idealTree:prePrune ├── lodash.escape@3.2.0
68 silly idealTree:prePrune ├── lodash.isarguments@3.0.7
68 silly idealTree:prePrune ├── lodash.isarray@3.0.4
68 silly idealTree:prePrune ├── lodash.keys@3.1.2
68 silly idealTree:prePrune ├── lodash.restparam@3.6.1
68 silly idealTree:prePrune ├── lodash.template@3.6.2
68 silly idealTree:prePrune ├── lodash.templatesettings@3.1.1
68 silly idealTree:prePrune ├── lodash@1.0.2
68 silly idealTree:prePrune ├── loud-rejection@1.2.1
68 silly idealTree:prePrune ├── lru-cache@2.7.3
68 silly idealTree:prePrune ├── map-obj@1.0.1
68 silly idealTree:prePrune ├─┬ meow@3.7.0
68 silly idealTree:prePrune │ └── object-assign@4.0.1
68 silly idealTree:prePrune ├── minimatch@3.0.0
68 silly idealTree:prePrune ├── minimist@1.2.0
68 silly idealTree:prePrune ├─┬ mkdirp@0.5.1
68 silly idealTree:prePrune │ └── minimist@0.0.8
68 silly idealTree:prePrune ├── multipipe@0.1.2
68 silly idealTree:prePrune ├── normalize-package-data@2.3.5
68 silly idealTree:prePrune ├── number-is-nan@1.0.0
68 silly idealTree:prePrune ├── object-assign@3.0.0
68 silly idealTree:prePrune ├── once@1.3.3
68 silly idealTree:prePrune ├── orchestrator@0.3.7
68 silly idealTree:prePrune ├── ordered-read-streams@0.1.0
68 silly idealTree:prePrune ├── os-homedir@1.0.1
68 silly idealTree:prePrune ├── parse-json@2.2.0
68 silly idealTree:prePrune ├── path-exists@2.1.0
68 silly idealTree:prePrune ├── path-is-absolute@1.0.0
68 silly idealTree:prePrune ├── path-type@1.1.0
68 silly idealTree:prePrune ├── pify@2.3.0
68 silly idealTree:prePrune ├── pinkie-promise@2.0.0
68 silly idealTree:prePrune ├── pinkie@2.0.4
68 silly idealTree:prePrune ├── png-size@0.1.0
68 silly idealTree:prePrune ├── pretty-hrtime@1.0.2
68 silly idealTree:prePrune ├── process-nextick-args@1.0.6
68 silly idealTree:prePrune ├── read-pkg-up@1.0.1
68 silly idealTree:prePrune ├── read-pkg@1.1.0
68 silly idealTree:prePrune ├── readable-stream@1.1.13
68 silly idealTree:prePrune ├── rechoir@0.6.2
68 silly idealTree:prePrune ├── redent@1.0.0
68 silly idealTree:prePrune ├── repeating@2.0.0
68 silly idealTree:prePrune ├── replace-ext@0.0.1
68 silly idealTree:prePrune ├── resolve@1.1.7
68 silly idealTree:prePrune ├── rotate-component@1.0.0
68 silly idealTree:prePrune ├── semver@5.1.0
68 silly idealTree:prePrune ├── sequencify@0.0.7
68 silly idealTree:prePrune ├── sigmund@1.0.1
68 silly idealTree:prePrune ├── signal-exit@2.1.2
68 silly idealTree:prePrune ├── sparkles@1.0.0
68 silly idealTree:prePrune ├── spdx-correct@1.0.2
68 silly idealTree:prePrune ├── spdx-exceptions@1.0.4
68 silly idealTree:prePrune ├── spdx-expression-parse@1.0.2
68 silly idealTree:prePrune ├── spdx-license-ids@1.2.0
68 silly idealTree:prePrune ├── stream-consume@0.1.0
68 silly idealTree:prePrune ├── string_decoder@0.10.31
68 silly idealTree:prePrune ├── strip-ansi@3.0.0
68 silly idealTree:prePrune ├── strip-bom@2.0.0
68 silly idealTree:prePrune ├── strip-indent@1.0.1
68 silly idealTree:prePrune ├── supports-color@2.0.0
68 silly idealTree:prePrune ├─┬ through2@0.6.5
68 silly idealTree:prePrune │ └── readable-stream@1.0.33
68 silly idealTree:prePrune ├── tildify@1.1.2
68 silly idealTree:prePrune ├── time-stamp@1.0.0
68 silly idealTree:prePrune ├── trim-newlines@1.0.0
68 silly idealTree:prePrune ├── unique-stream@1.0.0
68 silly idealTree:prePrune ├── user-home@1.1.1
68 silly idealTree:prePrune ├── util-deprecate@1.0.2
68 silly idealTree:prePrune ├── v8flags@2.0.11
68 silly idealTree:prePrune ├── validate-npm-package-license@3.0.1
68 silly idealTree:prePrune ├─┬ vinyl-fs@0.3.14
68 silly idealTree:prePrune │ ├── clone@0.2.0
68 silly idealTree:prePrune │ ├── graceful-fs@3.0.8
68 silly idealTree:prePrune │ ├── strip-bom@1.0.0
68 silly idealTree:prePrune │ └── vinyl@0.4.6
68 silly idealTree:prePrune ├── vinyl@0.5.3
68 silly idealTree:prePrune ├── which@1.2.4
68 silly idealTree:prePrune ├── wrappy@1.0.1
68 silly idealTree:prePrune └── xtend@4.0.1
69 silly loadIdealTree Finishing
70 silly currentTree Users
70 silly currentTree ├── ansi-regex@2.0.0
70 silly currentTree ├── ansi-styles@2.1.0
70 silly currentTree ├── archy@1.0.0
70 silly currentTree ├── array-differ@1.0.0
70 silly currentTree ├── array-find-index@1.0.1
70 silly currentTree ├── array-uniq@1.0.2
70 silly currentTree ├── balanced-match@0.3.0
70 silly currentTree ├── beeper@1.1.0
70 silly currentTree ├── brace-expansion@1.1.3
70 silly currentTree ├── builtin-modules@1.1.1
70 silly currentTree ├── camelcase-keys@2.0.0
70 silly currentTree ├── camelcase@2.1.0
70 silly currentTree ├── chalk@1.1.1
70 silly currentTree ├── clone-stats@0.0.1
70 silly currentTree ├── clone@1.0.2
70 silly currentTree ├── concat-map@0.0.1
70 silly currentTree ├── core-util-is@1.0.2
70 silly currentTree ├── data-uri-to-u8@1.0.0
70 silly currentTree ├── dateformat@1.0.12
70 silly currentTree ├── decamelize@1.1.2
70 silly currentTree ├── defaults@1.0.3
70 silly currentTree ├── deprecated@0.0.1
70 silly currentTree ├── duplexer2@0.0.2
70 silly currentTree ├── end-of-stream@0.1.5
70 silly currentTree ├── error-ex@1.3.0
70 silly currentTree ├── escape-string-regexp@1.0.4
70 silly currentTree ├── exif-component@0.0.2
70 silly currentTree ├── extend@2.0.1
70 silly currentTree ├── fancy-log@1.2.0
70 silly currentTree ├── find-index@0.1.1
70 silly currentTree ├── find-up@1.1.0
70 silly currentTree ├── findup-sync@0.3.0
70 silly currentTree ├── first-chunk-stream@1.0.0
70 silly currentTree ├── fix-orientation@0.0.2
70 silly currentTree ├── flagged-respawn@0.3.1
70 silly currentTree ├── gaze@0.5.2
70 silly currentTree ├── get-stdin@4.0.1
70 silly currentTree ├─┬ glob-stream@3.1.18
70 silly currentTree │ ├── glob@4.5.3
70 silly currentTree │ └── minimatch@2.0.10
70 silly currentTree ├── glob-watcher@0.0.6
70 silly currentTree ├── glob@5.0.15
70 silly currentTree ├── glob2base@0.0.12
70 silly currentTree ├─┬ globule@0.1.0
70 silly currentTree │ ├── glob@3.1.21
70 silly currentTree │ ├── graceful-fs@1.2.3
70 silly currentTree │ ├── inherits@1.0.2
70 silly currentTree │ └── minimatch@0.2.14
70 silly currentTree ├── glogg@1.0.0
70 silly currentTree ├── graceful-fs@4.1.3
70 silly currentTree ├── gulp-compass@2.1.0
70 silly currentTree ├─┬ gulp-util@3.0.7
70 silly currentTree │ ├── readable-stream@2.0.5
70 silly currentTree │ └── through2@2.0.1
70 silly currentTree ├─┬ gulp@3.9.1
70 silly currentTree │ └── semver@4.3.6
70 silly currentTree ├── gulplog@1.0.0
70 silly currentTree ├── has-ansi@2.0.0
70 silly currentTree ├── has-gulplog@0.1.0
70 silly currentTree ├── hosted-git-info@2.1.4
70 silly currentTree ├── indent-string@2.1.0
70 silly currentTree ├── inflight@1.0.4
70 silly currentTree ├── inherits@2.0.1
70 silly currentTree ├── interpret@1.0.0
70 silly currentTree ├── is-absolute@0.1.7
70 silly currentTree ├── is-arrayish@0.2.1
70 silly currentTree ├── is-builtin-module@1.0.0
70 silly currentTree ├── is-finite@1.0.1
70 silly currentTree ├── is-relative@0.1.3
70 silly currentTree ├── is-utf8@0.2.1
70 silly currentTree ├── isarray@0.0.1
70 silly currentTree ├── isexe@1.1.2
70 silly currentTree ├── jpeg-size@0.0.1
70 silly currentTree ├── liftoff@2.2.0
70 silly currentTree ├── load-json-file@1.1.0
70 silly currentTree ├── lodash._basecopy@3.0.1
70 silly currentTree ├── lodash._basetostring@3.0.1
70 silly currentTree ├── lodash._basevalues@3.0.0
70 silly currentTree ├── lodash._getnative@3.9.1
70 silly currentTree ├── lodash._isiterateecall@3.0.9
70 silly currentTree ├── lodash._reescape@3.0.0
70 silly currentTree ├── lodash._reevaluate@3.0.0
70 silly currentTree ├── lodash._reinterpolate@3.0.0
70 silly currentTree ├── lodash._root@3.0.1
70 silly currentTree ├── lodash.escape@3.2.0
70 silly currentTree ├── lodash.isarguments@3.0.7
70 silly currentTree ├── lodash.isarray@3.0.4
70 silly currentTree ├── lodash.keys@3.1.2
70 silly currentTree ├── lodash.restparam@3.6.1
70 silly currentTree ├── lodash.template@3.6.2
70 silly currentTree ├── lodash.templatesettings@3.1.1
70 silly currentTree ├── lodash@1.0.2
70 silly currentTree ├── loud-rejection@1.2.1
70 silly currentTree ├── lru-cache@2.7.3
70 silly currentTree ├── map-obj@1.0.1
70 silly currentTree ├─┬ meow@3.7.0
70 silly currentTree │ └── object-assign@4.0.1
70 silly currentTree ├── minimatch@3.0.0
70 silly currentTree ├── minimist@1.2.0
70 silly currentTree ├─┬ mkdirp@0.5.1
70 silly currentTree │ └── minimist@0.0.8
70 silly currentTree ├── multipipe@0.1.2
70 silly currentTree ├── normalize-package-data@2.3.5
70 silly currentTree ├── number-is-nan@1.0.0
70 silly currentTree ├── object-assign@3.0.0
70 silly currentTree ├── once@1.3.3
70 silly currentTree ├── orchestrator@0.3.7
70 silly currentTree ├── ordered-read-streams@0.1.0
70 silly currentTree ├── os-homedir@1.0.1
70 silly currentTree ├── parse-json@2.2.0
70 silly currentTree ├── path-exists@2.1.0
70 silly currentTree ├── path-is-absolute@1.0.0
70 silly currentTree ├── path-type@1.1.0
70 silly currentTree ├── pify@2.3.0
70 silly currentTree ├── pinkie-promise@2.0.0
70 silly currentTree ├── pinkie@2.0.4
70 silly currentTree ├── png-size@0.1.0
70 silly currentTree ├── pretty-hrtime@1.0.2
70 silly currentTree ├── process-nextick-args@1.0.6
70 silly currentTree ├── read-pkg-up@1.0.1
70 silly currentTree ├── read-pkg@1.1.0
70 silly currentTree ├── readable-stream@1.1.13
70 silly currentTree ├── rechoir@0.6.2
70 silly currentTree ├── redent@1.0.0
70 silly currentTree ├── repeating@2.0.0
70 silly currentTree ├── replace-ext@0.0.1
70 silly currentTree ├── resolve@1.1.7
70 silly currentTree ├── rotate-component@1.0.0
70 silly currentTree ├── semver@5.1.0
70 silly currentTree ├── sequencify@0.0.7
70 silly currentTree ├── sigmund@1.0.1
70 silly currentTree ├── signal-exit@2.1.2
70 silly currentTree ├── sparkles@1.0.0
70 silly currentTree ├── spdx-correct@1.0.2
70 silly currentTree ├── spdx-exceptions@1.0.4
70 silly currentTree ├── spdx-expression-parse@1.0.2
70 silly currentTree ├── spdx-license-ids@1.2.0
70 silly currentTree ├── stream-consume@0.1.0
70 silly currentTree ├── string_decoder@0.10.31
70 silly currentTree ├── strip-ansi@3.0.0
70 silly currentTree ├── strip-bom@2.0.0
70 silly currentTree ├── strip-indent@1.0.1
70 silly currentTree ├── supports-color@2.0.0
70 silly currentTree ├─┬ through2@0.6.5
70 silly currentTree │ └── readable-stream@1.0.33
70 silly currentTree ├── tildify@1.1.2
70 silly currentTree ├── time-stamp@1.0.0
70 silly currentTree ├── trim-newlines@1.0.0
70 silly currentTree ├── unique-stream@1.0.0
70 silly currentTree ├── user-home@1.1.1
70 silly currentTree ├── util-deprecate@1.0.2
70 silly currentTree ├── v8flags@2.0.11
70 silly currentTree ├── validate-npm-package-license@3.0.1
70 silly currentTree ├─┬ vinyl-fs@0.3.14
70 silly currentTree │ ├── clone@0.2.0
70 silly currentTree │ ├── graceful-fs@3.0.8
70 silly currentTree │ ├── strip-bom@1.0.0
70 silly currentTree │ └── vinyl@0.4.6
70 silly currentTree ├── vinyl@0.5.3
70 silly currentTree ├── which@1.2.4
70 silly currentTree ├── wrappy@1.0.1
70 silly currentTree └── xtend@4.0.1
71 silly idealTree Users
71 silly idealTree ├── aframe-fps-look-component@0.1.1
71 silly idealTree ├── ansi-regex@2.0.0
71 silly idealTree ├── ansi-styles@2.1.0
71 silly idealTree ├── archy@1.0.0
71 silly idealTree ├── array-differ@1.0.0
71 silly idealTree ├── array-find-index@1.0.1
71 silly idealTree ├── array-uniq@1.0.2
71 silly idealTree ├── balanced-match@0.3.0
71 silly idealTree ├── beeper@1.1.0
71 silly idealTree ├── brace-expansion@1.1.3
71 silly idealTree ├── builtin-modules@1.1.1
71 silly idealTree ├── camelcase-keys@2.0.0
71 silly idealTree ├── camelcase@2.1.0
71 silly idealTree ├── chalk@1.1.1
71 silly idealTree ├── clone-stats@0.0.1
71 silly idealTree ├── clone@1.0.2
71 silly idealTree ├── concat-map@0.0.1
71 silly idealTree ├── core-util-is@1.0.2
71 silly idealTree ├── data-uri-to-u8@1.0.0
71 silly idealTree ├── dateformat@1.0.12
71 silly idealTree ├── decamelize@1.1.2
71 silly idealTree ├── defaults@1.0.3
71 silly idealTree ├── deprecated@0.0.1
71 silly idealTree ├── duplexer2@0.0.2
71 silly idealTree ├── end-of-stream@0.1.5
71 silly idealTree ├── error-ex@1.3.0
71 silly idealTree ├── escape-string-regexp@1.0.4
71 silly idealTree ├── exif-component@0.0.2
71 silly idealTree ├── extend@2.0.1
71 silly idealTree ├── fancy-log@1.2.0
71 silly idealTree ├── find-index@0.1.1
71 silly idealTree ├── find-up@1.1.0
71 silly idealTree ├── findup-sync@0.3.0
71 silly idealTree ├── first-chunk-stream@1.0.0
71 silly idealTree ├── fix-orientation@0.0.2
71 silly idealTree ├── flagged-respawn@0.3.1
71 silly idealTree ├── gaze@0.5.2
71 silly idealTree ├── get-stdin@4.0.1
71 silly idealTree ├─┬ glob-stream@3.1.18
71 silly idealTree │ ├── glob@4.5.3
71 silly idealTree │ └── minimatch@2.0.10
71 silly idealTree ├── glob-watcher@0.0.6
71 silly idealTree ├── glob@5.0.15
71 silly idealTree ├── glob2base@0.0.12
71 silly idealTree ├─┬ globule@0.1.0
71 silly idealTree │ ├── glob@3.1.21
71 silly idealTree │ ├── graceful-fs@1.2.3
71 silly idealTree │ ├── inherits@1.0.2
71 silly idealTree │ └── minimatch@0.2.14
71 silly idealTree ├── glogg@1.0.0
71 silly idealTree ├── graceful-fs@4.1.3
71 silly idealTree ├── gulp-compass@2.1.0
71 silly idealTree ├─┬ gulp-util@3.0.7
71 silly idealTree │ ├── readable-stream@2.0.5
71 silly idealTree │ └── through2@2.0.1
71 silly idealTree ├─┬ gulp@3.9.1
71 silly idealTree │ └── semver@4.3.6
71 silly idealTree ├── gulplog@1.0.0
71 silly idealTree ├── has-ansi@2.0.0
71 silly idealTree ├── has-gulplog@0.1.0
71 silly idealTree ├── hosted-git-info@2.1.4
71 silly idealTree ├── indent-string@2.1.0
71 silly idealTree ├── inflight@1.0.4
71 silly idealTree ├── inherits@2.0.1
71 silly idealTree ├── interpret@1.0.0
71 silly idealTree ├── is-absolute@0.1.7
71 silly idealTree ├── is-arrayish@0.2.1
71 silly idealTree ├── is-builtin-module@1.0.0
71 silly idealTree ├── is-finite@1.0.1
71 silly idealTree ├── is-relative@0.1.3
71 silly idealTree ├── is-utf8@0.2.1
71 silly idealTree ├── isarray@0.0.1
71 silly idealTree ├── isexe@1.1.2
71 silly idealTree ├── jpeg-size@0.0.1
71 silly idealTree ├── liftoff@2.2.0
71 silly idealTree ├── load-json-file@1.1.0
71 silly idealTree ├── lodash._basecopy@3.0.1
71 silly idealTree ├── lodash._basetostring@3.0.1
71 silly idealTree ├── lodash._basevalues@3.0.0
71 silly idealTree ├── lodash._getnative@3.9.1
71 silly idealTree ├── lodash._isiterateecall@3.0.9
71 silly idealTree ├── lodash._reescape@3.0.0
71 silly idealTree ├── lodash._reevaluate@3.0.0
71 silly idealTree ├── lodash._reinterpolate@3.0.0
71 silly idealTree ├── lodash._root@3.0.1
71 silly idealTree ├── lodash.escape@3.2.0
71 silly idealTree ├── lodash.isarguments@3.0.7
71 silly idealTree ├── lodash.isarray@3.0.4
71 silly idealTree ├── lodash.keys@3.1.2
71 silly idealTree ├── lodash.restparam@3.6.1
71 silly idealTree ├── lodash.template@3.6.2
71 silly idealTree ├── lodash.templatesettings@3.1.1
71 silly idealTree ├── lodash@1.0.2
71 silly idealTree ├── loud-rejection@1.2.1
71 silly idealTree ├── lru-cache@2.7.3
71 silly idealTree ├── map-obj@1.0.1
71 silly idealTree ├─┬ meow@3.7.0
71 silly idealTree │ └── object-assign@4.0.1
71 silly idealTree ├── minimatch@3.0.0
71 silly idealTree ├── minimist@1.2.0
71 silly idealTree ├─┬ mkdirp@0.5.1
71 silly idealTree │ └── minimist@0.0.8
71 silly idealTree ├── multipipe@0.1.2
71 silly idealTree ├── normalize-package-data@2.3.5
71 silly idealTree ├── number-is-nan@1.0.0
71 silly idealTree ├── object-assign@3.0.0
71 silly idealTree ├── once@1.3.3
71 silly idealTree ├── orchestrator@0.3.7
71 silly idealTree ├── ordered-read-streams@0.1.0
71 silly idealTree ├── os-homedir@1.0.1
71 silly idealTree ├── parse-json@2.2.0
71 silly idealTree ├── path-exists@2.1.0
71 silly idealTree ├── path-is-absolute@1.0.0
71 silly idealTree ├── path-type@1.1.0
71 silly idealTree ├── pify@2.3.0
71 silly idealTree ├── pinkie-promise@2.0.0
71 silly idealTree ├── pinkie@2.0.4
71 silly idealTree ├── png-size@0.1.0
71 silly idealTree ├── pretty-hrtime@1.0.2
71 silly idealTree ├── process-nextick-args@1.0.6
71 silly idealTree ├── read-pkg-up@1.0.1
71 silly idealTree ├── read-pkg@1.1.0
71 silly idealTree ├── readable-stream@1.1.13
71 silly idealTree ├── rechoir@0.6.2
71 silly idealTree ├── redent@1.0.0
71 silly idealTree ├── repeating@2.0.0
71 silly idealTree ├── replace-ext@0.0.1
71 silly idealTree ├── resolve@1.1.7
71 silly idealTree ├── rotate-component@1.0.0
71 silly idealTree ├── semver@5.1.0
71 silly idealTree ├── sequencify@0.0.7
71 silly idealTree ├── sigmund@1.0.1
71 silly idealTree ├── signal-exit@2.1.2
71 silly idealTree ├── sparkles@1.0.0
71 silly idealTree ├── spdx-correct@1.0.2
71 silly idealTree ├── spdx-exceptions@1.0.4
71 silly idealTree ├── spdx-expression-parse@1.0.2
71 silly idealTree ├── spdx-license-ids@1.2.0
71 silly idealTree ├── stream-consume@0.1.0
71 silly idealTree ├── string_decoder@0.10.31
71 silly idealTree ├── strip-ansi@3.0.0
71 silly idealTree ├── strip-bom@2.0.0
71 silly idealTree ├── strip-indent@1.0.1
71 silly idealTree ├── supports-color@2.0.0
71 silly idealTree ├─┬ through2@0.6.5
71 silly idealTree │ └── readable-stream@1.0.33
71 silly idealTree ├── tildify@1.1.2
71 silly idealTree ├── time-stamp@1.0.0
71 silly idealTree ├── trim-newlines@1.0.0
71 silly idealTree ├── unique-stream@1.0.0
71 silly idealTree ├── user-home@1.1.1
71 silly idealTree ├── util-deprecate@1.0.2
71 silly idealTree ├── v8flags@2.0.11
71 silly idealTree ├── validate-npm-package-license@3.0.1
71 silly idealTree ├─┬ vinyl-fs@0.3.14
71 silly idealTree │ ├── clone@0.2.0
71 silly idealTree │ ├── graceful-fs@3.0.8
71 silly idealTree │ ├── strip-bom@1.0.0
71 silly idealTree │ └── vinyl@0.4.6
71 silly idealTree ├── vinyl@0.5.3
71 silly idealTree ├── which@1.2.4
71 silly idealTree ├── wrappy@1.0.1
71 silly idealTree └── xtend@4.0.1
72 silly generateActionsToTake Starting
73 silly install generateActionsToTake
74 warn checkPermissions Missing write access to /Users/node_modules
75 silly rollbackFailedOptional Starting
76 silly rollbackFailedOptional Finishing
77 silly runTopLevelLifecycles Starting
78 silly runTopLevelLifecycles Finishing
79 silly install printInstalled
80 warn ENOENT ENOENT: no such file or directory, open '/Users/package.json'
81 warn EPACKAGEJSON Users No description
82 warn EPACKAGEJSON Users No repository field.
83 warn EPACKAGEJSON Users No README data
84 warn EPACKAGEJSON Users No license field.
85 verbose stack Error: EACCES: permission denied, access '/Users/node_modules'
85 verbose stack     at Error (native)
86 verbose cwd /Users/Gore/web/VRtest
87 error Darwin 15.5.0
88 error argv "/usr/local/Cellar/node/5.1.0/bin/node" "/usr/local/bin/npm" "install" "aframe-fps-look-component" "--save"
89 error node v5.1.0
90 error npm  v3.3.12
91 error path /Users/node_modules
92 error code EACCES
93 error errno -13
94 error syscall access
95 error Error: EACCES: permission denied, access '/Users/node_modules'
95 error     at Error (native)
95 error  { [Error: EACCES: permission denied, access '/Users/node_modules']
95 error   errno: -13,
95 error   code: 'EACCES',
95 error   syscall: 'access',
95 error   path: '/Users/node_modules' }
96 error Please try running this command again as root/Administrator.
97 verbose exit [ -13, true ]
